<?xml version="1.0" encoding="UTF-8"?>
<testsuite xmlns:xsi="http://www.w3.org/2001/XMLSchema-instance" xsi:noNamespaceSchemaLocation="https://maven.apache.org/surefire/maven-surefire-plugin/xsd/surefire-test-report.xsd" version="3.0.2" name="com.example.LocationDetailsBackend.LocationDetailsBackendApplicationTests" time="5.572" tests="1" errors="0" skipped="0" failures="0">
  <properties>
[...]
</properties>
  <testcase name="contextLoads" classname="com.example.LocationDetailsBackend.LocationDetailsBackendApplicationTests" time="1.529">
    <system-out><![CDATA[23:43:42.657 [main] INFO org.springframework.test.context.support.AnnotationConfigContextLoaderUtils -- Could not detect default configuration classes for test class [com.example.LocationDetailsBackend.LocationDetailsBackendApplicationTests]: LocationDetailsBackendApplicationTests does not declare any static, non-private, non-final, nested classes annotated with @Configuration.
23:43:42.890 [main] INFO org.springframework.boot.test.context.SpringBootTestContextBootstrapper -- Found @SpringBootConfiguration com.example.LocationDetailsBackend.LocationDetailsBackendApplication for test class com.example.LocationDetailsBackend.LocationDetailsBackendApplicationTests

  .   ____          _            __ _ _
 /\\ / ___'_ __ _ _(_)_ __  __ _ \ \ \ \
( ( )\___ | '_ | '_| | '_ \/ _` | \ \ \ \
 \\/  ___)| |_)| | | | | || (_| |  ) ) ) )
  '  |____| .__|_| |_|_| |_\__, | / / / /
 =========|_|==============|___/=/_/_/_/

 :: Spring Boot ::                (v3.4.2)

2025-02-19T23:43:43.823+05:30  INFO 22272 --- [LocationDetailsBackend] [           main] L.LocationDetailsBackendApplicationTests : Starting LocationDetailsBackendApplicationTests using Java 17.0.12 with PID 22272 (started by hanee in C:\Users\hanee\Documents\LocationDetailsBackend)
2025-02-19T23:43:43.828+05:30  INFO 22272 --- [LocationDetailsBackend] [           main] L.LocationDetailsBackendApplicationTests : No active profile set, falling back to 1 default profile: "default"
2025-02-19T23:43:46.385+05:30  INFO 22272 --- [LocationDetailsBackend] [           main] L.LocationDetailsBackendApplicationTests : Started LocationDetailsBackendApplicationTests in 3.162 seconds (process running for 5.094)
]]></system-out>
  </testcase>
</testsuite>